<?xml version="1.0" encoding="UTF-8"?>
<!-- Generated by org.testng.reporters.JUnitReportReporter -->
<testsuite hostname="DESKTOP-45FQJ0I" failures="0" tests="4" name="testSuite1.Module2" time="0.009" errors="0" timestamp="2022-09-12T13:57:20 CDT" skipped="0">
  <testcase classname="testSuite1.Module2" name="test003" time="0.001"/>
  <system-out/>
  <testcase classname="testSuite1.Module2" name="test004" time="0.001"/>
  <system-out/>
  <testcase classname="testSuite1.Module2" name="test002" time="0.002"/>
  <system-out/>
  <testcase classname="testSuite1.Module2" name="test001" time="0.005"/>
  <system-out/>
</testsuite> <!-- testSuite1.Module2 -->
