<?xml version="1.0" encoding="UTF-8"?>
<!-- Generated by org.testng.reporters.JUnitReportReporter -->
<testsuite hostname="DESKTOP-45FQJ0I" failures="0" tests="1" name="selenium.SeleniumBasicTest" time="18.030" errors="0" timestamp="2022-09-12T13:57:20 CDT" skipped="0">
  <testcase classname="selenium.SeleniumBasicTest" name="validateSeleniumSetup" time="18.030"/>
  <system-out/>
</testsuite> <!-- selenium.SeleniumBasicTest -->
