<?xml version="1.0" encoding="UTF-8"?>
<!-- Generated by org.testng.reporters.JUnitReportReporter -->
<testsuite hostname="DESKTOP-45FQJ0I" failures="0" tests="1" name="selenium.Assignment_6_Zone" time="301.691" errors="0" timestamp="2022-09-15T19:21:56 CDT" skipped="0">
  <testcase classname="selenium.Assignment_6_Zone" name="ValidateCovidDetails" time="301.691"/>
  <system-out/>
</testsuite> <!-- selenium.Assignment_6_Zone -->
