<?xml version="1.0" encoding="UTF-8"?>
<!-- Generated by org.testng.reporters.JUnitReportReporter -->
<testsuite hostname="DESKTOP-45FQJ0I" failures="0" tests="5" name="selenium.Assignment_5" time="43.325" errors="0" timestamp="2022-09-12T20:45:29 CDT" skipped="0">
  <testcase classname="selenium.Assignment_5" name="validateTextAreaField" time="7.468"/>
  <system-out/>
  <testcase classname="selenium.Assignment_5" name="validateButton1" time="6.997"/>
  <system-out/>
  <testcase classname="selenium.Assignment_5" name="validateButton2" time="7.505"/>
  <system-out/>
  <testcase classname="selenium.Assignment_5" name="validateTexbox1" time="10.758"/>
  <system-out/>
  <testcase classname="selenium.Assignment_5" name="validateWebPageload" time="10.597"/>
  <system-out/>
</testsuite> <!-- selenium.Assignment_5 -->
