<?xml version="1.0" encoding="UTF-8"?>
<!-- Generated by org.testng.reporters.JUnitReportReporter -->
<testsuite hostname="DESKTOP-45FQJ0I" failures="0" tests="3" name="testSuite1.Module1" time="0.004" errors="0" timestamp="2022-09-12T20:45:29 CDT" skipped="0">
  <testcase classname="testSuite1.Module1" name="test003" time="0.004"/>
  <system-out/>
  <testcase classname="testSuite1.Module1" name="test002" time="0.000"/>
  <system-out/>
  <testcase classname="testSuite1.Module1" name="test001" time="0.000"/>
  <system-out/>
</testsuite> <!-- testSuite1.Module1 -->
